[20:48:19] [main/INFO]: Loading Minecraft 1.19.2 with Fabric Loader 0.14.19
[20:48:19] [ForkJoinPool-1-worker-1/WARN]: Mod createaddition uses the version 20230211a which isn't compatible with Loader's extended semantic version format (Could not parse version number component '20230211a'!), SemVer is recommended for reliably evaluating dependencies and prioritizing newer version
[20:48:19] [ForkJoinPool-1-worker-1/WARN]: Mod cpm uses the version 0.6.7a which isn't compatible with Loader's extended semantic version format (Could not parse version number component '7a'!), SemVer is recommended for reliably evaluating dependencies and prioritizing newer version
[20:48:19] [main/WARN]: Mod resolution failed
[20:48:19] [main/INFO]: Immediate reason: [HARD_DEP_NO_CANDIDATE create 0.5.1-f-build.1334+mc1.19.2 {depends fabricloader @ [>=0.15.3]}, ROOT_FORCELOAD_SINGLE create 0.5.1-f-build.1334+mc1.19.2]
[20:48:19] [main/INFO]: Reason: [HARD_DEP create 0.5.1-f-build.1334+mc1.19.2 {depends fabricloader @ [>=0.15.3]}, HARD_DEP create 0.5.1-f-build.1334+mc1.19.2 {depends fabric-api @ [>=0.77.0+1.19.2]}, HARD_DEP create 0.5.1-f-build.1334+mc1.19.2 {depends porting_lib_accessors @ [>=2.1.1282]}, HARD_DEP create 0.5.1-f-build.1334+mc1.19.2 {depends porting_lib_base @ [>=2.1.1282]}, HARD_DEP create 0.5.1-f-build.1334+mc1.19.2 {depends porting_lib_entity @ [>=2.1.1282]}, HARD_DEP create 0.5.1-f-build.1334+mc1.19.2 {depends porting_lib_extensions @ [>=2.1.1282]}, HARD_DEP create 0.5.1-f-build.1334+mc1.19.2 {depends porting_lib_fake_players @ [>=2.1.1282]}, HARD_DEP create 0.5.1-f-build.1334+mc1.19.2 {depends porting_lib_networking @ [>=2.1.1282]}, HARD_DEP create 0.5.1-f-build.1334+mc1.19.2 {depends porting_lib_obj_loader @ [>=2.1.1282]}, HARD_DEP create 0.5.1-f-build.1334+mc1.19.2 {depends porting_lib_transfer @ [>=2.1.1282]}]
[20:48:19] [main/INFO]: Fix: add [], remove [createaddition 20230211a, irisflw 0.1.9-BETA], replace [[create 0.5.1-f-build.1334+mc1.19.2] -> add:create 0.5.1-c-build.1160+mc1.19.2 ([[0.5.1-c-build.1160+mc1.19.2,?)])]
[20:48:19] [main/ERROR]: Incompatible mod set!
net.fabricmc.loader.impl.FormattedException: Mod resolution encountered an incompatible mod set!
A potential solution has been determined:
	 - Remove mod 'Create Crafts & Additions' (createaddition) 20230211a (C:\Users\Andrew\curseforge\minecraft\Instances\FSR Eternal Winter fabric\mods\createaddition-fabric+1.19.2-20230211a.jar).
	 - Remove mod 'Iris Flywheel Compat' (irisflw) 0.1.9-BETA (C:\Users\Andrew\curseforge\minecraft\Instances\FSR Eternal Winter fabric\mods\iris-flywheel-compat-1.19.2-0.1.9-BETA.jar).
	 - Replace mod 'Create' (create) 0.5.1-f-build.1334+mc1.19.2 with version 0.5.1-c-build.1160+mc1.19.2 or later that is compatible with:
		 - fabricloader 0.14.19
		 - fabric-api 0.76.0+1.19.2
Unmet dependency listing:
	 - Mod 'Create' (create) 0.5.1-f-build.1334+mc1.19.2 requires version 0.15.3 or later of mod 'Fabric Loader' (fabricloader), but only the wrong version is present: 0.14.19!
	 - Mod 'Create' (create) 0.5.1-f-build.1334+mc1.19.2 requires version 0.77.0+1.19.2 or later of mod 'Fabric API' (fabric-api), but only the wrong version is present: 0.76.0+1.19.2!
	 - Mod 'Create' (create) 0.5.1-f-build.1334+mc1.19.2 requires version 2.1.1282 or later of mod 'Porting Lib Accessors' (porting_lib_accessors), which can't be loaded due to other constraints!
	 - Mod 'Create' (create) 0.5.1-f-build.1334+mc1.19.2 requires version 2.1.1282 or later of mod 'Porting Lib Base' (porting_lib_base), which can't be loaded due to other constraints!
	 - Mod 'Create' (create) 0.5.1-f-build.1334+mc1.19.2 requires version 2.1.1282 or later of mod 'Porting Lib Entity' (porting_lib_entity), which can't be loaded due to other constraints!
	 - Mod 'Create' (create) 0.5.1-f-build.1334+mc1.19.2 requires version 2.1.1282 or later of mod 'Porting Lib Extensions' (porting_lib_extensions), which can't be loaded due to other constraints!
	 - Mod 'Create' (create) 0.5.1-f-build.1334+mc1.19.2 requires version 2.1.1282 or later of mod 'Porting Lib Fake Players' (porting_lib_fake_players), which can't be loaded due to other constraints!
	 - Mod 'Create' (create) 0.5.1-f-build.1334+mc1.19.2 requires version 2.1.1282 or later of mod 'Porting Lib Networking' (porting_lib_networking), which can't be loaded due to other constraints!
	 - Mod 'Create' (create) 0.5.1-f-build.1334+mc1.19.2 requires version 2.1.1282 or later of mod 'Porting Lib Obj Loader' (porting_lib_obj_loader), which can't be loaded due to other constraints!
	 - Mod 'Create' (create) 0.5.1-f-build.1334+mc1.19.2 requires version 2.1.1282 or later of mod 'Porting Lib Transfer' (porting_lib_transfer), which can't be loaded due to other constraints!
	at net.fabricmc.loader.impl.FormattedException.ofLocalized(FormattedException.java:51) ~[fabric-loader-0.14.19.jar:?]
	at net.fabricmc.loader.impl.FabricLoaderImpl.load(FabricLoaderImpl.java:192) ~[fabric-loader-0.14.19.jar:?]
	at net.fabricmc.loader.impl.launch.knot.Knot.init(Knot.java:148) ~[fabric-loader-0.14.19.jar:?]
	at net.fabricmc.loader.impl.launch.knot.Knot.launch(Knot.java:68) [fabric-loader-0.14.19.jar:?]
	at net.fabricmc.loader.impl.launch.knot.KnotClient.main(KnotClient.java:23) [fabric-loader-0.14.19.jar:?]
